   Compiling proc-macro2 v1.0.106
   Compiling quote v1.0.45
   Compiling serde_core v1.0.228
   Compiling unicode-ident v1.0.24
   Compiling serde v1.0.228
   Compiling libc v0.2.183
   Compiling autocfg v1.5.0
   Compiling getrandom v0.4.2
   Compiling zmij v1.0.21
    Checking equivalent v1.0.2
    Checking hashbrown v0.16.1
    Checking cfg-if v1.0.4
   Compiling serde_json v1.0.149
    Checking toml_write v0.1.2
    Checking winnow v0.7.15
    Checking itoa v1.0.18
    Checking memchr v2.8.0
   Compiling rustix v1.1.4
    Checking iana-time-zone v0.1.65
    Checking linux-raw-sys v0.12.1
    Checking bitflags v2.11.0
    Checking fastrand v2.3.0
    Checking once_cell v1.21.4
    Checking indexmap v2.13.0
   Compiling num-traits v0.2.19
    Checking tempfile v3.27.0
   Compiling syn v2.0.117
   Compiling serde_derive v1.0.228
    Checking uuid v1.22.0
    Checking toml_datetime v0.6.11
    Checking serde_spanned v0.6.9
    Checking chrono v0.4.44
    Checking toml_edit v0.22.27
    Checking toml v0.8.23
    Checking secfinding v0.1.1 (/home/mukund-thiru/Santh/libs/secfinding)
    Checking secreport v0.1.1 (/home/mukund-thiru/Santh/libs/secreport)
    Finished `dev` profile [unoptimized + debuginfo] target(s) in 3.76s
